#
# There is insufficient memory for the Java Runtime Environment to continue.
# Native memory allocation (mmap) failed to map 536870912 bytes for Failed to commit area from 0x0000000601400000 to 0x0000000621400000 of length 536870912.
# Possible reasons:
#   The system is out of physical RAM or swap space
#   The process is running with CompressedOops enabled, and the Java Heap may be blocking the growth of the native heap
# Possible solutions:
#   Reduce memory load on the system
#   Increase physical memory or swap space
#   Check if swap backing store is full
#   Decrease Java heap size (-Xmx/-Xms)
#   Decrease number of Java threads
#   Decrease Java thread stack sizes (-Xss)
#   Set larger code cache with -XX:ReservedCodeCacheSize=
# This output file may be truncated or incomplete.
#
#  Out of Memory Error (c:/BuildAgent/work/64e6ab55ab19e5a9/src/hotspot/os/windows/os_windows.cpp:3272), pid=12640, tid=16460
#
# JRE version:  (11.0.2+9) (build )
# Java VM: OpenJDK 64-Bit Server VM (11.0.2+9-b159.56, mixed mode, aot, sharing, tiered, compressed oops, g1 gc, windows-amd64)
# No core dump will be written. Minidumps are not enabled by default on client versions of Windows
#

---------------  S U M M A R Y ------------

Command Line: org.jetbrains.git4idea.http.GitAskPassApp Username for 'https://github.com': 

Host: Intel(R) Core(TM) i7-6700K CPU @ 4.00GHz, 8 cores, 31G,  Windows 10 , 64 bit Build 17763 (10.0.17763.475)
Time: Thu Jun 20 02:56:53 2019 Taipei Standard Time elapsed time: 0 seconds (0d 0h 0m 0s)

---------------  T H R E A D  ---------------

Current thread (0x000001ebdc718000):  JavaThread "Unknown thread" [_thread_in_vm, id=16460, stack(0x0000000374800000,0x0000000374900000)]

Stack: [0x0000000374800000,0x0000000374900000]
Native frames: (J=compiled Java code, j=interpreted, Vv=VM code, C=native code)
V  [jvm.dll+0x5da82a]
V  [jvm.dll+0x70b6c9]
V  [jvm.dll+0x70cbe8]
V  [jvm.dll+0x70d2b3]
V  [jvm.dll+0x240f18]
V  [jvm.dll+0x5d7fc4]
V  [jvm.dll+0x5cd115]
V  [jvm.dll+0x2fa5eb]
V  [jvm.dll+0x2fa55a]
V  [jvm.dll+0x2fa432]
V  [jvm.dll+0x2ff316]
V  [jvm.dll+0x347993]
V  [jvm.dll+0x348096]
V  [jvm.dll+0x347a93]
V  [jvm.dll+0x2d5588]
V  [jvm.dll+0x2d66c7]
V  [jvm.dll+0x6eaac7]
V  [jvm.dll+0x6ec22c]
V  [jvm.dll+0x3551c9]
V  [jvm.dll+0x6d274e]
V  [jvm.dll+0x3bd953]
V  [jvm.dll+0x3bfcc1]
C  [java.exe+0x3763]
C  [java.exe+0x17a0c]
C  [KERNEL32.DLL+0x17974]
C  [ntdll.dll+0x6a271]


---------------  P R O C E S S  ---------------

Threads class SMR info:
_java_thread_list=0x000001ebdad10d60, length=0, elements={
}

Java Threads: ( => current thread )

Other Threads:
  0x000001ebdc72f800 GCTaskThread "GC Thread#0" [stack: 0x0000000374900000,0x0000000374a00000] [id=12500]
  0x000001ebdc7b0800 ConcurrentGCThread "G1 Main Marker" [stack: 0x0000000374a00000,0x0000000374b00000] [id=14160]
  0x000001ebdc7b1800 ConcurrentGCThread "G1 Conc#0" [stack: 0x0000000374b00000,0x0000000374c00000] [id=13544]

[error occurred during error reporting (printing all threads), id 0xc0000005, EXCEPTION_ACCESS_VIOLATION (0xc0000005) at pc=0x00007fff24a45687]

VM state:not at safepoint (not fully initialized)

VM Mutex/Monitor currently owned by a thread:  ([mutex/lock_event])
[0x000001ebdc714380] Heap_lock - owner thread: 0x000001ebdc718000

Heap address: 0x0000000601400000, size: 8172 MB, Compressed Oops mode: Non-zero based: 0x0000000601400000
Narrow klass base: 0x0000000000000000, Narrow klass shift: 0

GC Heap History (0 events):
No events

Deoptimization events (0 events):
No events

Classes redefined (0 events):
No events

Internal exceptions (0 events):
No events

Events (0 events):
No events


Dynamic libraries:
0x00007ff7cbfd0000 - 0x00007ff7cc017000 	C:\Program Files\JetBrains\PyCharm 2019.1.2\jre64\bin\java.exe
0x00007fff761d0000 - 0x00007fff763bd000 	C:\WINDOWS\SYSTEM32\ntdll.dll
0x00007fff737e0000 - 0x00007fff73893000 	C:\WINDOWS\System32\KERNEL32.DLL
0x00007fff72d30000 - 0x00007fff72fc3000 	C:\WINDOWS\System32\KERNELBASE.dll
0x00007fff75f60000 - 0x00007fff760f7000 	C:\WINDOWS\System32\USER32.dll
0x00007fff72b70000 - 0x00007fff72b90000 	C:\WINDOWS\System32\win32u.dll
0x00007fff74290000 - 0x00007fff742b9000 	C:\WINDOWS\System32\GDI32.dll
0x00007fff72b90000 - 0x00007fff72d2a000 	C:\WINDOWS\System32\gdi32full.dll
0x00007fff730d0000 - 0x00007fff73170000 	C:\WINDOWS\System32\msvcp_win.dll
0x00007fff72fd0000 - 0x00007fff730ca000 	C:\WINDOWS\System32\ucrtbase.dll
0x00007fff613c0000 - 0x00007fff61639000 	C:\WINDOWS\WinSxS\amd64_microsoft.windows.common-controls_6595b64144ccf1df_6.0.17763.557_none_05b63f68071e5b9f\COMCTL32.dll
0x00007fff76100000 - 0x00007fff7619e000 	C:\WINDOWS\System32\msvcrt.dll
0x00007fff73400000 - 0x00007fff7372c000 	C:\WINDOWS\System32\combase.dll
0x00007fff738a0000 - 0x00007fff739c2000 	C:\WINDOWS\System32\RPCRT4.dll
0x00007fff72af0000 - 0x00007fff72b6e000 	C:\WINDOWS\System32\bcryptPrimitives.dll
0x00007fff74620000 - 0x00007fff7464e000 	C:\WINDOWS\System32\IMM32.DLL
0x00007fff57a90000 - 0x00007fff57aa7000 	C:\Program Files\JetBrains\PyCharm 2019.1.2\jre64\bin\vcruntime140.dll
0x00007fff3b680000 - 0x00007fff3b71d000 	C:\Program Files\JetBrains\PyCharm 2019.1.2\jre64\bin\msvcp140.dll
0x00007fff24760000 - 0x00007fff25216000 	C:\Program Files\JetBrains\PyCharm 2019.1.2\jre64\bin\server\jvm.dll
0x00007fff73730000 - 0x00007fff737d3000 	C:\WINDOWS\System32\ADVAPI32.dll
0x00007fff74790000 - 0x00007fff7482e000 	C:\WINDOWS\System32\sechost.dll
0x00007fff74610000 - 0x00007fff74618000 	C:\WINDOWS\System32\PSAPI.DLL
0x00007fff6dd70000 - 0x00007fff6dd7a000 	C:\WINDOWS\SYSTEM32\VERSION.dll
0x00007fff636d0000 - 0x00007fff636d9000 	C:\WINDOWS\SYSTEM32\WSOCK32.dll
0x00007fff74220000 - 0x00007fff7428d000 	C:\WINDOWS\System32\WS2_32.dll
0x00007fff65360000 - 0x00007fff65384000 	C:\WINDOWS\SYSTEM32\WINMM.dll
0x00007fff65310000 - 0x00007fff6533d000 	C:\WINDOWS\SYSTEM32\winmmbase.dll
0x00007fff72aa0000 - 0x00007fff72aea000 	C:\WINDOWS\System32\cfgmgr32.dll
0x00007fff721d0000 - 0x00007fff721e1000 	C:\WINDOWS\System32\kernel.appcore.dll
0x00007fff4e100000 - 0x00007fff4e111000 	C:\Program Files\JetBrains\PyCharm 2019.1.2\jre64\bin\verify.dll
0x00007fff6d060000 - 0x00007fff6d24d000 	C:\WINDOWS\SYSTEM32\DBGHELP.DLL
0x00007fff6c980000 - 0x00007fff6c9aa000 	C:\WINDOWS\SYSTEM32\dbgcore.DLL
0x00007fff4b6b0000 - 0x00007fff4b6d9000 	C:\Program Files\JetBrains\PyCharm 2019.1.2\jre64\bin\java.dll
0x00007fff4e0c0000 - 0x00007fff4e0d7000 	C:\Program Files\JetBrains\PyCharm 2019.1.2\jre64\bin\zip.dll
0x00007fff6d850000 - 0x00007fff6d85b000 	C:\Program Files\JetBrains\PyCharm 2019.1.2\jre64\bin\jimage.dll

dbghelp: loaded successfully - version: 4.0.5 - missing functions: none
symbol engine: initialized successfully - sym options: 0x614 - pdb path: .;C:\Program Files\JetBrains\PyCharm 2019.1.2\jre64\bin;C:\WINDOWS\SYSTEM32;C:\WINDOWS\WinSxS\amd64_microsoft.windows.common-controls_6595b64144ccf1df_6.0.17763.557_none_05b63f68071e5b9f;C:\Program Files\JetBrains\PyCharm 2019.1.2\jre64\bin\server

VM Arguments:
java_command: org.jetbrains.git4idea.http.GitAskPassApp Username for 'https://github.com': 
java_class_path (initial): C:/Program Files/JetBrains/PyCharm 2019.1.2/plugins/git4idea/lib/git4idea-rt.jar;C:/Program Files/JetBrains/PyCharm 2019.1.2/lib/xmlrpc-2.0.1.jar;C:/Program Files/JetBrains/PyCharm 2019.1.2/lib/commons-codec-1.10.jar;C:/Program Files/JetBrains/PyCharm 2019.1.2/lib/util.jar
Launcher Type: SUN_STANDARD

[Global flags]
     intx CICompilerCount                          = 4                                         {product} {ergonomic}
     uint ConcGCThreads                            = 2                                         {product} {ergonomic}
     uint G1ConcRefinementThreads                  = 8                                         {product} {ergonomic}
   size_t G1HeapRegionSize                         = 2097152                                   {product} {ergonomic}
    uintx GCDrainStackTargetSize                   = 64                                        {product} {ergonomic}
   size_t InitialHeapSize                          = 536870912                                 {product} {ergonomic}
   size_t MarkStackSize                            = 4194304                                   {product} {ergonomic}
   size_t MaxHeapSize                              = 8568963072                                {product} {ergonomic}
   size_t MinHeapDeltaBytes                        = 2097152                                   {product} {ergonomic}
    uintx NonNMethodCodeHeapSize                   = 5835340                                {pd product} {ergonomic}
    uintx NonProfiledCodeHeapSize                  = 122911450                              {pd product} {ergonomic}
    uintx ProfiledCodeHeapSize                     = 122911450                              {pd product} {ergonomic}
    uintx ReservedCodeCacheSize                    = 251658240                              {pd product} {ergonomic}
     bool SegmentedCodeCache                       = true                                      {product} {ergonomic}
     bool UseCompressedClassPointers               = true                                 {lp64_product} {ergonomic}
     bool UseCompressedOops                        = true                                 {lp64_product} {ergonomic}
     bool UseG1GC                                  = true                                      {product} {ergonomic}
     bool UseLargePagesIndividualAllocation        = false                                  {pd product} {ergonomic}

Logging:
Log output configuration:
 #0: stdout all=warning uptime,level,tags
 #1: stderr all=off uptime,level,tags

Environment Variables:
PATH=C:\Program Files\Git\mingw64/libexec/git-core;C:\Program Files\Git\mingw64/libexec/git-core;C:\Program Files\Git\mingw64\bin;C:\Program Files\Git\usr\bin;C:\Users\Justin\bin;C:\ProgramData\DockerDesktop\version-bin;C:\Program Files\Docker\Docker\Resources\bin;C:\Program Files (x86)\Common Files\Oracle\Java\javapath;C:\ProgramData\Oracle\Java\javapath;C:\Program Files (x86)\Razer Chroma SDK\bin;C:\Program Files\Razer Chroma SDK\bin;C:\Program Files (x86)\Intel\iCLS Client\;C:\Program Files\Intel\iCLS Client\;C:\Windows\system32;C:\Windows;C:\Windows\System32\Wbem;C:\Windows\System32\WindowsPowerShell\v1.0\;C:\Program Files (x86)\Intel\Intel(R) Management Engine Components\DAL;C:\Program Files\Intel\Intel(R) Management Engine Components\DAL;C:\Program Files (x86)\Intel\Intel(R) Management Engine Components\IPT;C:\Program Files\Intel\Intel(R) Management Engine Components\IPT;C:\Program Files (x86)\NVIDIA Corporation\PhysX\Common;C:\WINDOWS\system32;C:\WINDOWS;C:\WINDOWS\System32\Wbem;C:\WINDOWS\System32\WindowsPowerShell\v1.0\;C:\Program Files\Geth;C:\Program Files\PuTTY\;C:\wamp64\bin\php\php5.6.25;C:\ProgramData\ComposerSetup\bin;C:\Program Files (x86)\Yarn\bin\;C:\Program Files\Git\cmd;C:\Program Files (x86)\uPKI-Java\uPKI;C:\WINDOWS\System32\OpenSSH\;C:\Program Files\nodejs\;C:\Program Files (x86)\Brackets\command;C:\Users\Justin\AppData\Local\Programs\Python\Python37\Scripts\;C:\Users\Justin\AppData\Local\Programs\Python\Python37\;C:\Ruby25-x64\bin;C:\Users\Justin\AppData\Local\Microsoft\WindowsApps;C:\Program Files (x86)\HMA! Pro VPN\bin;C:\Users\Justin\AppData\Local\GitHubDesktop\bin;C:\Users\Justin\AppData\Local\Microsoft\WindowsApps;C:\Users\Justin\AppData\Roaming\Composer\vendor\bin;C:\Users\Justin\AppData\Local\Yarn\bin;C:\Users\Justin\AppData\Roaming\npm;
USERNAME=Justin
DISPLAY=:0.0
OS=Windows_NT
PROCESSOR_IDENTIFIER=Intel64 Family 6 Model 94 Stepping 3, GenuineIntel



---------------  S Y S T E M  ---------------

OS: Windows 10 , 64 bit Build 17763 (10.0.17763.475)

CPU:total 8 (initial active 8) (4 cores per cpu, 2 threads per core) family 6 model 94 stepping 3, cmov, cx8, fxsr, mmx, sse, sse2, sse3, ssse3, sse4.1, sse4.2, popcnt, avx, avx2, aes, clmul, erms, rtm, 3dnowpref, lzcnt, ht, tsc, tscinvbit, bmi1, bmi2, adx, fma

Memory: 4k page, system-wide physical 32685M (1729M free)
TotalPageFile size 80182M (AvailPageFile size 289M)
current process WorkingSet (physical memory assigned to process): 10M, peak: 10M
current process commit charge ("private bytes"): 60M, peak: 572M

vm_info: OpenJDK 64-Bit Server VM (11.0.2+9-b159.56) for windows-amd64 JRE (11.0.2+9-b159.56), built on Apr 30 2019 15:48:48 by "" with MS VC++ 14.0 (VS2015)

END.
